Arguments: 
  /usr/local/bin/node /Users/michaelballos/.yarn/bin/yarn.js add --dev typescript

PATH: 
  /Users/michaelballos/.yarn/bin:/Users/michaelballos/.config/yarn/global/node_modules/.bin:/opt/homebrew/bin:/opt/homebrew/sbin:/usr/local/bin:/usr/bin:/bin:/usr/sbin:/sbin:/Library/Apple/usr/bin

Yarn version: 
  1.22.19

Node version: 
  16.15.0

Platform: 
  darwin arm64

Trace: 
  SyntaxError: /Users/michaelballos/IdeaProjects/design-patterns/package.json: Unexpected token } in JSON at position 223
      at JSON.parse (<anonymous>)
      at /Users/michaelballos/.yarn/lib/cli.js:1629:59
      at Generator.next (<anonymous>)
      at step (/Users/michaelballos/.yarn/lib/cli.js:310:30)
      at /Users/michaelballos/.yarn/lib/cli.js:321:13

npm manifest: 
  {
    "name": "design-patterns",
    "version": "1.0.0",
    "main": "index.js",
    "repository": "https://github.com/michaelballos/design-patterns.git",
    "author": "michaelballos <ballos.michael@gmail.com>",
    "license": "MIT",
  }

yarn manifest: 
  No manifest

Lockfile: 
  # THIS IS AN AUTOGENERATED FILE. DO NOT EDIT THIS FILE DIRECTLY.
  # yarn lockfile v1
  
  
  typescript@^4.7.4:
    version "4.7.4"
    resolved "https://registry.yarnpkg.com/typescript/-/typescript-4.7.4.tgz#1a88596d1cf47d59507a1bcdfb5b9dfe4d488235"
    integrity sha512-C0WQT0gezHuw6AdY1M2jxUO83Rjf0HP7Sk1DtXj6j1EwkQNZrHAg2XPWlq62oqEhYvONq5pkC2Y9oPljWToLmQ==
